  Lab1.cpp
D:\github\Computer-Vision\Lab1\Lab1\Lab1.cpp(12,52): warning C4244: 'argument': conversion from 'double' to '_Tp', possible loss of data
          with
          [
              _Tp=int
          ]
D:\github\Computer-Vision\Lab1\Lab1\Lab1.cpp(12,36): warning C4244: 'argument': conversion from 'double' to '_Tp', possible loss of data
          with
          [
              _Tp=int
          ]
ColorChange.obj : error LNK2019: unresolved external symbol "void __cdecl cv::fastFree(void *)" (?fastFree@cv@@YAXPAX@Z) referenced in function "public: __thiscall cv::Mat::~Mat(void)" (??1Mat@cv@@QAE@XZ)
Lab1.obj : error LNK2001: unresolved external symbol "void __cdecl cv::fastFree(void *)" (?fastFree@cv@@YAXPAX@Z)
ColorChange.obj : error LNK2019: unresolved external symbol "void __cdecl cv::error(int,class std::basic_string<char,struct std::char_traits<char>,class std::allocator<char> > const &,char const *,char const *,int)" (?error@cv@@YAXHABV?$basic_string@DU?$char_traits@D@std@@V?$allocator@D@2@@std@@PBD1H@Z) referenced in function "public: class cv::Vec<unsigned char,3> & __thiscall cv::Mat::at<class cv::Vec<unsigned char,3> >(int,int)" (??$at@V?$Vec@E$02@cv@@@Mat@cv@@QAEAAV?$Vec@E$02@1@HH@Z)
Lab1.obj : error LNK2001: unresolved external symbol "void __cdecl cv::error(int,class std::basic_string<char,struct std::char_traits<char>,class std::allocator<char> > const &,char const *,char const *,int)" (?error@cv@@YAXHABV?$basic_string@DU?$char_traits@D@std@@V?$allocator@D@2@@std@@PBD1H@Z)
ColorChange.obj : error LNK2019: unresolved external symbol "public: void __thiscall cv::Mat::copyTo(class cv::debug_build_guard::_OutputArray const &)const " (?copyTo@Mat@cv@@QBEXABV_OutputArray@debug_build_guard@2@@Z) referenced in function "public: class cv::Mat __thiscall cv::Mat::clone(void)const " (?clone@Mat@cv@@QBE?AV12@XZ)
ColorChange.obj : error LNK2019: unresolved external symbol "public: void __thiscall cv::Mat::deallocate(void)" (?deallocate@Mat@cv@@QAEXXZ) referenced in function "public: void __thiscall cv::Mat::release(void)" (?release@Mat@cv@@QAEXXZ)
Lab1.obj : error LNK2001: unresolved external symbol "public: void __thiscall cv::Mat::deallocate(void)" (?deallocate@Mat@cv@@QAEXXZ)
Lab1.obj : error LNK2019: unresolved external symbol "class cv::Mat __cdecl cv::imread(class std::basic_string<char,struct std::char_traits<char>,class std::allocator<char> > const &,int)" (?imread@cv@@YA?AVMat@1@ABV?$basic_string@DU?$char_traits@D@std@@V?$allocator@D@2@@std@@H@Z) referenced in function _main
Lab1.obj : error LNK2019: unresolved external symbol "int __cdecl cv::waitKey(int)" (?waitKey@cv@@YAHH@Z) referenced in function _main
Lab1.obj : error LNK2019: unresolved external symbol "void __cdecl cv::imshow(class std::basic_string<char,struct std::char_traits<char>,class std::allocator<char> > const &,class cv::debug_build_guard::_InputArray const &)" (?imshow@cv@@YAXABV?$basic_string@DU?$char_traits@D@std@@V?$allocator@D@2@@std@@ABV_InputArray@debug_build_guard@1@@Z) referenced in function _main
Lab1.obj : error LNK2019: unresolved external symbol "void __cdecl cv::resize(class cv::debug_build_guard::_InputArray const &,class cv::debug_build_guard::_OutputArray const &,class cv::Size_<int>,double,double,int)" (?resize@cv@@YAXABV_InputArray@debug_build_guard@1@ABV_OutputArray@31@V?$Size_@H@1@NNH@Z) referenced in function _main
D:\github\Computer-Vision\Lab1\Debug\Lab1.exe : fatal error LNK1120: 8 unresolved externals
