  SpatialOperations.cpp
D:\github\Computer-Vision\SpatialOperations\SpatialOperations\SpatialOperations.cpp(144,23): warning C4309: 'initializing': truncation of constant value
D:\github\Computer-Vision\SpatialOperations\SpatialOperations\SpatialOperations.cpp(145,25): warning C4309: 'initializing': truncation of constant value
D:\github\Computer-Vision\SpatialOperations\SpatialOperations\SpatialOperations.cpp(154,39): warning C4244: '=': conversion from 'double' to '_Tp', possible loss of data
          with
          [
              _Tp=char
          ]
D:\github\Computer-Vision\SpatialOperations\SpatialOperations\SpatialOperations.cpp(156,39): warning C4244: '=': conversion from 'double' to '_Tp', possible loss of data
          with
          [
              _Tp=char
          ]
D:\github\Computer-Vision\SpatialOperations\SpatialOperations\SpatialOperations.cpp(176,39): warning C4244: '=': conversion from 'double' to '_Tp', possible loss of data
          with
          [
              _Tp=char
          ]
D:\github\Computer-Vision\SpatialOperations\SpatialOperations\SpatialOperations.cpp(178,39): warning C4309: '=': truncation of constant value
D:\github\Computer-Vision\SpatialOperations\SpatialOperations\SpatialOperations.cpp(201,39): warning C4309: '=': truncation of constant value
D:\github\Computer-Vision\SpatialOperations\SpatialOperations\SpatialOperations.cpp(212,39): warning C4309: '=': truncation of constant value
  SpatialOperations.vcxproj -> D:\github\Computer-Vision\SpatialOperations\x64\Debug\SpatialOperations.exe
